/localscratch/spool/slurmd/job63120389/slurm_script: line 15: cd: /scratch/yyyang/proj_simvp/OpenSTL/OpenSTL: No such file or directory
=== Job Information ===
Job ID: 63120389
Node: cdr346
GPU: 0
=== Starting Training ===
Traceback (most recent call last):
  File "/scratch/yyyang/proj_simvp/OpenSTL/tools/train.py", line 7, in <module>
    from openstl.api import BaseExperiment
  File "/workspace/openstl/api/__init__.py", line 3, in <module>
    from .exp import BaseExperiment
  File "/workspace/openstl/api/exp.py", line 10, in <module>
    from openstl.methods import method_maps
  File "/workspace/openstl/methods/__init__.py", line 3, in <module>
    from .convlstm import ConvLSTM
  File "/workspace/openstl/methods/convlstm.py", line 1, in <module>
    from .predrnn import PredRNN
  File "/workspace/openstl/methods/predrnn.py", line 2, in <module>
    from openstl.models import PredRNN_Model
  File "/workspace/openstl/models/__init__.py", line 12, in <module>
    from .mmvp_model import MMVP_Model
  File "/workspace/openstl/models/mmvp_model.py", line 7, in <module>
    from openstl.utils import build_similarity_matrix, sim_matrix_interpolate, sim_matrix_postprocess, cum_multiply
  File "/workspace/openstl/utils/__init__.py", line 4, in <module>
    from .main_utils import (print_log, output_namespace, collect_env, check_dir, 
  File "/workspace/openstl/utils/main_utils.py", line 3, in <module>
    import cv2
  File "/usr/local/lib/python3.10/dist-packages/cv2/__init__.py", line 8, in <module>
    from .cv2 import *
ImportError: /lib/x86_64-linux-gnu/libc.so.6: version `GLIBC_ABI_DT_RELR' not found (required by /.singularity.d/libs/libGL.so.1)
=== Training Completed ===
